{"level":"info","message":"Logger initialized","service":"grep-app-server","timestamp":"2026-01-05 00:08:38"}
{"level":"info","message":"Starting FastMCP server in stdio mode","service":"grep-app-server","timestamp":"2026-01-05 00:08:38"}
{"level":"info","message":"Client connected via stdio","service":"grep-app-server","sessionIdentifier":"q9qel07h","timestamp":"2026-01-05 00:08:38"}
{"level":"info","message":"FastMCP server started successfully in stdio mode","service":"grep-app-server","timestamp":"2026-01-05 00:08:38"}
{"level":"info","message":"Logger initialized","service":"grep-app-server","timestamp":"2026-01-05 00:20:17"}
{"level":"info","message":"Starting FastMCP server in stdio mode","service":"grep-app-server","timestamp":"2026-01-05 00:20:17"}
{"level":"info","message":"Client connected via stdio","service":"grep-app-server","sessionIdentifier":"5cimrc5d","timestamp":"2026-01-05 00:20:17"}
{"level":"info","message":"FastMCP server started successfully in stdio mode","service":"grep-app-server","timestamp":"2026-01-05 00:20:17"}
{"level":"info","message":"Logger initialized","service":"grep-app-server","timestamp":"2026-01-05 00:41:37"}
{"level":"info","message":"Starting FastMCP server in stdio mode","service":"grep-app-server","timestamp":"2026-01-05 00:41:37"}
{"level":"info","message":"Client connected via stdio","service":"grep-app-server","sessionIdentifier":"6om6qfru","timestamp":"2026-01-05 00:41:38"}
{"level":"info","message":"FastMCP server started successfully in stdio mode","service":"grep-app-server","timestamp":"2026-01-05 00:41:38"}
{"level":"info","message":"Executing searchCode tool","options":{"jsonOutput":false,"repoFilter":"code-yeongyu/oh-my-opencode"},"query":"oh-my-opencode sisyphus orchestrator prompt","service":"grep-app-server","timestamp":"2026-01-05 01:12:54"}
{"level":"info","message":"Starting code search for query: \"oh-my-opencode sisyphus orchestrator prompt\"","query":"oh-my-opencode sisyphus orchestrator prompt","service":"grep-app-server","timestamp":"2026-01-05 01:12:54"}
{"error":"Request failed with status code 429","level":"error","message":"Search execution failed","service":"grep-app-server","stack":"AxiosError: Request failed with status code 429\n    at settle (file:///Users/davidandrews/grep_app_mcp/node_modules/axios/lib/core/settle.js:19:12)\n    at IncomingMessage.handleStreamEnd (file:///Users/davidandrews/grep_app_mcp/node_modules/axios/lib/adapters/http.js:599:11)\n    at IncomingMessage.emit (node:events:519:35)\n    at endReadableNT (node:internal/streams/readable:1696:12)\n    at process.processTicksAndRejections (node:internal/process/task_queues:90:21)\n    at Axios.request (file:///Users/davidandrews/grep_app_mcp/node_modules/axios/lib/core/Axios.js:45:41)\n    at process.processTicksAndRejections (node:internal/process/task_queues:105:5)\n    at async fetchGrepApp (file:///Users/davidandrews/grep_app_mcp/dist/core/grep-app-client.js:20:22)\n    at async Object.execute (file:///Users/davidandrews/grep_app_mcp/dist/core/grep-app-client.js:70:29)\n    at async Object.execute (file:///Users/davidandrews/grep_app_mcp/dist/tools/search-code.js:50:28)\n    at async file:///Users/davidandrews/grep_app_mcp/node_modules/fastmcp/dist/FastMCP.js:879:35","timestamp":"2026-01-05 01:12:55"}
{"level":"info","message":"Logger initialized","service":"grep-app-server","timestamp":"2026-01-05 01:53:24"}
{"level":"info","message":"Starting FastMCP server in stdio mode","service":"grep-app-server","timestamp":"2026-01-05 01:53:24"}
{"level":"info","message":"Client connected via stdio","service":"grep-app-server","sessionIdentifier":"o17wvvij","timestamp":"2026-01-05 01:53:24"}
{"level":"info","message":"FastMCP server started successfully in stdio mode","service":"grep-app-server","timestamp":"2026-01-05 01:53:24"}
{"level":"info","message":"Logger initialized","service":"grep-app-server","timestamp":"2026-01-05 01:55:09"}
{"level":"info","message":"Starting FastMCP server in stdio mode","service":"grep-app-server","timestamp":"2026-01-05 01:55:09"}
{"level":"info","message":"Client connected via stdio","service":"grep-app-server","sessionIdentifier":"s5r71iex","timestamp":"2026-01-05 01:55:09"}
{"level":"info","message":"FastMCP server started successfully in stdio mode","service":"grep-app-server","timestamp":"2026-01-05 01:55:09"}
{"level":"info","message":"Executing searchCode tool","options":{"jsonOutput":false,"repoFilter":"oh-my-opencode"},"query":"interactive-bash-session tmux","service":"grep-app-server","timestamp":"2026-01-05 02:17:38"}
{"level":"info","message":"Starting code search for query: \"interactive-bash-session tmux\"","query":"interactive-bash-session tmux","service":"grep-app-server","timestamp":"2026-01-05 02:17:38"}
{"error":"Request failed with status code 429","level":"error","message":"Search execution failed","service":"grep-app-server","stack":"AxiosError: Request failed with status code 429\n    at settle (file:///Users/davidandrews/grep_app_mcp/node_modules/axios/lib/core/settle.js:19:12)\n    at IncomingMessage.handleStreamEnd (file:///Users/davidandrews/grep_app_mcp/node_modules/axios/lib/adapters/http.js:599:11)\n    at IncomingMessage.emit (node:events:519:35)\n    at endReadableNT (node:internal/streams/readable:1696:12)\n    at process.processTicksAndRejections (node:internal/process/task_queues:90:21)\n    at Axios.request (file:///Users/davidandrews/grep_app_mcp/node_modules/axios/lib/core/Axios.js:45:41)\n    at process.processTicksAndRejections (node:internal/process/task_queues:105:5)\n    at async fetchGrepApp (file:///Users/davidandrews/grep_app_mcp/dist/core/grep-app-client.js:20:22)\n    at async Object.execute (file:///Users/davidandrews/grep_app_mcp/dist/core/grep-app-client.js:70:29)\n    at async Object.execute (file:///Users/davidandrews/grep_app_mcp/dist/tools/search-code.js:50:28)\n    at async file:///Users/davidandrews/grep_app_mcp/node_modules/fastmcp/dist/FastMCP.js:879:35","timestamp":"2026-01-05 02:17:38"}
{"level":"info","message":"Executing searchCode tool","options":{"jsonOutput":false,"repoFilter":"oh-my-opencode"},"query":"session-notification getNotifySendPath osascript","service":"grep-app-server","timestamp":"2026-01-05 02:18:24"}
{"level":"info","message":"Starting code search for query: \"session-notification getNotifySendPath osascript\"","query":"session-notification getNotifySendPath osascript","service":"grep-app-server","timestamp":"2026-01-05 02:18:24"}
{"error":"Request failed with status code 429","level":"error","message":"Search execution failed","service":"grep-app-server","stack":"AxiosError: Request failed with status code 429\n    at settle (file:///Users/davidandrews/grep_app_mcp/node_modules/axios/lib/core/settle.js:19:12)\n    at IncomingMessage.handleStreamEnd (file:///Users/davidandrews/grep_app_mcp/node_modules/axios/lib/adapters/http.js:599:11)\n    at IncomingMessage.emit (node:events:519:35)\n    at endReadableNT (node:internal/streams/readable:1696:12)\n    at process.processTicksAndRejections (node:internal/process/task_queues:90:21)\n    at Axios.request (file:///Users/davidandrews/grep_app_mcp/node_modules/axios/lib/core/Axios.js:45:41)\n    at process.processTicksAndRejections (node:internal/process/task_queues:105:5)\n    at async fetchGrepApp (file:///Users/davidandrews/grep_app_mcp/dist/core/grep-app-client.js:20:22)\n    at async Object.execute (file:///Users/davidandrews/grep_app_mcp/dist/core/grep-app-client.js:70:29)\n    at async Object.execute (file:///Users/davidandrews/grep_app_mcp/dist/tools/search-code.js:50:28)\n    at async file:///Users/davidandrews/grep_app_mcp/node_modules/fastmcp/dist/FastMCP.js:879:35","timestamp":"2026-01-05 02:18:25"}
{"level":"info","message":"Logger initialized","service":"grep-app-server","timestamp":"2026-01-05 02:36:55"}
{"level":"info","message":"Starting FastMCP server in stdio mode","service":"grep-app-server","timestamp":"2026-01-05 02:36:55"}
{"level":"info","message":"Client connected via stdio","service":"grep-app-server","sessionIdentifier":"3hm0zm3v","timestamp":"2026-01-05 02:36:55"}
{"level":"info","message":"FastMCP server started successfully in stdio mode","service":"grep-app-server","timestamp":"2026-01-05 02:36:55"}
{"level":"info","message":"Logger initialized","service":"grep-app-server","timestamp":"2026-01-05 02:55:58"}
{"level":"info","message":"Starting FastMCP server in stdio mode","service":"grep-app-server","timestamp":"2026-01-05 02:55:58"}
{"level":"info","message":"Client connected via stdio","service":"grep-app-server","sessionIdentifier":"ifkj6en2","timestamp":"2026-01-05 02:55:58"}
{"level":"info","message":"FastMCP server started successfully in stdio mode","service":"grep-app-server","timestamp":"2026-01-05 02:55:58"}
{"level":"info","message":"Logger initialized","service":"grep-app-server","timestamp":"2026-01-05 02:59:25"}
{"level":"info","message":"Starting FastMCP server in stdio mode","service":"grep-app-server","timestamp":"2026-01-05 02:59:26"}
{"level":"info","message":"Client connected via stdio","service":"grep-app-server","sessionIdentifier":"r08edj2u","timestamp":"2026-01-05 02:59:26"}
{"level":"info","message":"FastMCP server started successfully in stdio mode","service":"grep-app-server","timestamp":"2026-01-05 02:59:26"}
{"level":"info","message":"Logger initialized","service":"grep-app-server","timestamp":"2026-01-05 03:12:32"}
{"level":"info","message":"Starting FastMCP server in stdio mode","service":"grep-app-server","timestamp":"2026-01-05 03:12:32"}
{"level":"info","message":"Client connected via stdio","service":"grep-app-server","sessionIdentifier":"7mh1b93w","timestamp":"2026-01-05 03:12:32"}
{"level":"info","message":"FastMCP server started successfully in stdio mode","service":"grep-app-server","timestamp":"2026-01-05 03:12:32"}
{"level":"info","message":"Logger initialized","service":"grep-app-server","timestamp":"2026-01-05 03:18:46"}
{"level":"info","message":"Starting FastMCP server in stdio mode","service":"grep-app-server","timestamp":"2026-01-05 03:18:46"}
{"level":"info","message":"Client connected via stdio","service":"grep-app-server","sessionIdentifier":"yca5iqu3","timestamp":"2026-01-05 03:18:46"}
{"level":"info","message":"FastMCP server started successfully in stdio mode","service":"grep-app-server","timestamp":"2026-01-05 03:18:46"}
{"level":"info","message":"Logger initialized","service":"grep-app-server","timestamp":"2026-01-05 05:01:26"}
{"level":"info","message":"Starting FastMCP server in stdio mode","service":"grep-app-server","timestamp":"2026-01-05 05:01:26"}
{"level":"info","message":"Client connected via stdio","service":"grep-app-server","sessionIdentifier":"cpv48q6o","timestamp":"2026-01-05 05:01:27"}
{"level":"info","message":"FastMCP server started successfully in stdio mode","service":"grep-app-server","timestamp":"2026-01-05 05:01:27"}
