{"level":"info","message":"Logger initialized","service":"grep-app-server","timestamp":"2026-01-03 21:20:27"}
{"level":"info","message":"Starting FastMCP server in stdio mode","service":"grep-app-server","timestamp":"2026-01-03 21:20:27"}
{"level":"info","message":"Client connected via stdio","service":"grep-app-server","sessionIdentifier":"qijv7h9s","timestamp":"2026-01-03 21:20:27"}
{"level":"info","message":"FastMCP server started successfully in stdio mode","service":"grep-app-server","timestamp":"2026-01-03 21:20:27"}
{"level":"info","message":"Logger initialized","service":"grep-app-server","timestamp":"2026-01-03 21:45:55"}
{"level":"info","message":"Starting FastMCP server in stdio mode","service":"grep-app-server","timestamp":"2026-01-03 21:45:55"}
{"level":"info","message":"Client connected via stdio","service":"grep-app-server","sessionIdentifier":"aokryzaz","timestamp":"2026-01-03 21:45:55"}
{"level":"info","message":"FastMCP server started successfully in stdio mode","service":"grep-app-server","timestamp":"2026-01-03 21:45:55"}
{"level":"info","message":"Logger initialized","service":"grep-app-server","timestamp":"2026-01-03 21:46:14"}
{"level":"info","message":"Starting FastMCP server in stdio mode","service":"grep-app-server","timestamp":"2026-01-03 21:46:14"}
{"level":"info","message":"Client connected via stdio","service":"grep-app-server","sessionIdentifier":"lam2bxgk","timestamp":"2026-01-03 21:46:14"}
{"level":"info","message":"FastMCP server started successfully in stdio mode","service":"grep-app-server","timestamp":"2026-01-03 21:46:14"}
{"level":"info","message":"Logger initialized","service":"grep-app-server","timestamp":"2026-01-03 21:46:36"}
{"level":"info","message":"Starting FastMCP server in stdio mode","service":"grep-app-server","timestamp":"2026-01-03 21:46:36"}
{"level":"info","message":"Client connected via stdio","service":"grep-app-server","sessionIdentifier":"x11skt65","timestamp":"2026-01-03 21:46:36"}
{"level":"info","message":"FastMCP server started successfully in stdio mode","service":"grep-app-server","timestamp":"2026-01-03 21:46:36"}
{"level":"info","message":"Logger initialized","service":"grep-app-server","timestamp":"2026-01-03 22:10:51"}
{"level":"info","message":"Starting FastMCP server in stdio mode","service":"grep-app-server","timestamp":"2026-01-03 22:10:51"}
{"level":"info","message":"Client connected via stdio","service":"grep-app-server","sessionIdentifier":"5lz37jes","timestamp":"2026-01-03 22:10:52"}
{"level":"info","message":"FastMCP server started successfully in stdio mode","service":"grep-app-server","timestamp":"2026-01-03 22:10:52"}
{"level":"info","message":"Logger initialized","service":"grep-app-server","timestamp":"2026-01-03 22:11:12"}
{"level":"info","message":"Starting FastMCP server in stdio mode","service":"grep-app-server","timestamp":"2026-01-03 22:11:12"}
{"level":"info","message":"Client connected via stdio","service":"grep-app-server","sessionIdentifier":"h2ym3sgl","timestamp":"2026-01-03 22:11:13"}
{"level":"info","message":"FastMCP server started successfully in stdio mode","service":"grep-app-server","timestamp":"2026-01-03 22:11:13"}
{"level":"info","message":"Logger initialized","service":"grep-app-server","timestamp":"2026-01-03 22:11:59"}
{"level":"info","message":"Starting FastMCP server in stdio mode","service":"grep-app-server","timestamp":"2026-01-03 22:11:59"}
{"level":"info","message":"Client connected via stdio","service":"grep-app-server","sessionIdentifier":"czir293k","timestamp":"2026-01-03 22:11:59"}
{"level":"info","message":"Logger initialized","service":"grep-app-server","timestamp":"2026-01-03 22:12:43"}
{"level":"info","message":"Starting FastMCP server in stdio mode","service":"grep-app-server","timestamp":"2026-01-03 22:12:43"}
{"level":"info","message":"Client connected via stdio","service":"grep-app-server","sessionIdentifier":"6g6x9vt8","timestamp":"2026-01-03 22:12:44"}
{"level":"info","message":"Logger initialized","service":"grep-app-server","timestamp":"2026-01-03 22:28:31"}
{"level":"info","message":"Starting FastMCP server in stdio mode","service":"grep-app-server","timestamp":"2026-01-03 22:28:32"}
{"level":"info","message":"Client connected via stdio","service":"grep-app-server","sessionIdentifier":"xbavgqgz","timestamp":"2026-01-03 22:28:32"}
{"level":"info","message":"Logger initialized","service":"grep-app-server","timestamp":"2026-01-03 23:03:04"}
{"level":"info","message":"Starting FastMCP server in stdio mode","service":"grep-app-server","timestamp":"2026-01-03 23:03:04"}
{"level":"info","message":"Client connected via stdio","service":"grep-app-server","sessionIdentifier":"fsqz1z0c","timestamp":"2026-01-03 23:03:04"}
{"level":"info","message":"FastMCP server started successfully in stdio mode","service":"grep-app-server","timestamp":"2026-01-03 23:03:04"}
{"level":"info","message":"Logger initialized","service":"grep-app-server","timestamp":"2026-01-03 23:07:40"}
{"level":"info","message":"Starting FastMCP server in stdio mode","service":"grep-app-server","timestamp":"2026-01-03 23:07:40"}
{"level":"info","message":"Client connected via stdio","service":"grep-app-server","sessionIdentifier":"qqih17uf","timestamp":"2026-01-03 23:07:40"}
{"level":"info","message":"FastMCP server started successfully in stdio mode","service":"grep-app-server","timestamp":"2026-01-03 23:07:40"}
{"level":"info","message":"Logger initialized","service":"grep-app-server","timestamp":"2026-01-03 23:10:32"}
{"level":"info","message":"Starting FastMCP server in stdio mode","service":"grep-app-server","timestamp":"2026-01-03 23:10:32"}
{"level":"info","message":"Client connected via stdio","service":"grep-app-server","sessionIdentifier":"6dq5rwsd","timestamp":"2026-01-03 23:10:32"}
{"level":"info","message":"FastMCP server started successfully in stdio mode","service":"grep-app-server","timestamp":"2026-01-03 23:10:32"}
